[INFO] Starting execution.
[INFO] Downloading package list from PyPI ...
[INFO] (q) This package is up to date.
[INFO] (q3huff) This package is up to date.
[ERROR] (qa) This package does not have downloadable releases.
[INFO] (qa-tests) This package is up to date.
[INFO] (qaamus) This package is up to date.
[INFO] (qad) This package is up to date.
[INFO] (qal) This package is up to date.
[ERROR] (qalab) This package does not have downloadable releases.
[INFO] (qalsadi) This package is up to date.
[INFO] (qam) This package is up to date.
[INFO] (qamasu) This package is up to date.
[INFO] (qanat) This package is up to date.
[INFO] (qanda) This package is up to date.
[INFO] (qap) This package is up to date.
[ERROR] (qapplicationtemplate) Could not extract data from this package. See below for details.
"https://codeload.github.com/goanpeca/QApplicationTemplate/legacy.tar.gz/qapplicationtemplate-0.1.0.tar.gz" file couldnt be downloaded. See below for details.
Traceback (most recent call last):
  File "/usr/local/lib/python3.5/dist-packages/pypicontents/api/pypi.py", line 106, in download_tar
    f.write(urlopen(url=urlesc(pkgurl), timeout=10).read())
  File "/usr/lib/python3.5/urllib/request.py", line 163, in urlopen
    return opener.open(url, data, timeout)
  File "/usr/lib/python3.5/urllib/request.py", line 472, in open
    response = meth(req, response)
  File "/usr/lib/python3.5/urllib/request.py", line 582, in http_response
    'http', request, response, code, msg, hdrs)
  File "/usr/lib/python3.5/urllib/request.py", line 510, in error
    return self._call_chain(*args)
  File "/usr/lib/python3.5/urllib/request.py", line 444, in _call_chain
    result = func(*args)
  File "/usr/lib/python3.5/urllib/request.py", line 590, in http_error_default
    raise HTTPError(req.full_url, code, msg, hdrs, fp)
urllib.error.HTTPError: HTTP Error 404: Not Found

[ERROR] (qarbon) Could not extract data from this package. See below for details.
"" extension not supported.
[INFO] (qarg) This package is up to date.
[INFO] (qarnot) This package is up to date.
[INFO] (qasino-client) This package is up to date.
[INFO] (qav) This package is up to date.
[INFO] (qball) This package is up to date.
[ERROR] (qbar) This package does not have downloadable releases.
[INFO] (qbatch) This package is up to date.
[INFO] (qbench) This package is up to date.
[INFO] (qbit) This package is up to date.
[INFO] (qbittorrent) This package is up to date.
[INFO] (qbroker) This package is up to date.
[INFO] (qbuf) This package is up to date.
[INFO] (qbuilder) This package is up to date.
[INFO] (qbx) This package is up to date.
[INFO] (qc) This package is up to date.
[INFO] (qc.statusmessage) This package is up to date.
[INFO] (qcache) This package is up to date.
[INFO] (qcache-client) This package is up to date.
[INFO] (qcbacktester) This package is up to date.
[INFO] (qche) This package is up to date.
[INFO] (qcl) This package is up to date.
[INFO] (qcli) This package is up to date.
[INFO] (qcloud) This package is up to date.
[INFO] (qcloud-cos) This package is up to date.
[INFO] (qcloud-cos-v3) This package is up to date.
[INFO] (qcloud-cos-v4) This package is up to date.
[INFO] (qcloud-image) This package is up to date.
[INFO] (qcloud-video) This package is up to date.
[INFO] (qcloudchameleon) This package is up to date.
[INFO] (qcloudcli) This package is up to date.
[INFO] (qcmaskingcode) This package is up to date.
[INFO] (qcodes) This package is up to date.
[INFO] (qcon) This package is up to date.
[INFO] (qconcurrency) This package is up to date.
[INFO] (qcore) This package is up to date.
[INFO] (qcore-nocython) This package is up to date.
[INFO] (qcos-cli) This package is up to date.
[INFO] (qcqp) This package is up to date.
[INFO] (qcrash) This package is up to date.
[INFO] (qcri) This package is up to date.
[INFO] (qcsv) This package is up to date.
[ERROR] (qct) Could not extract data from this package. See below for details.
Could not extract tarball. See below for details.
Traceback (most recent call last):
  File "/usr/lib/python3.5/tarfile.py", line 1631, in gzopen
    t = cls.taropen(name, mode, fileobj, **kwargs)
  File "/usr/lib/python3.5/tarfile.py", line 1607, in taropen
    return cls(name, mode, fileobj, **kwargs)
  File "/usr/lib/python3.5/tarfile.py", line 1470, in __init__
    self.firstmember = self.next()
  File "/usr/lib/python3.5/tarfile.py", line 2281, in next
    tarinfo = self.tarinfo.fromtarfile(self)
  File "/usr/lib/python3.5/tarfile.py", line 1082, in fromtarfile
    buf = tarfile.fileobj.read(BLOCKSIZE)
  File "/usr/lib/python3.5/gzip.py", line 274, in read
    return self._buffer.read(size)
  File "/usr/lib/python3.5/_compression.py", line 68, in readinto
    data = self.read(len(byte_view))
  File "/usr/lib/python3.5/gzip.py", line 461, in read
    if not self._read_gzip_header():
  File "/usr/lib/python3.5/gzip.py", line 409, in _read_gzip_header
    raise OSError('Not a gzipped file (%r)' % magic)
OSError: Not a gzipped file (b'<h')

During handling of the above exception, another exception occurred:

Traceback (most recent call last):
  File "/usr/local/lib/python3.5/dist-packages/pypicontents/api/pypi.py", line 130, in get_tar_topdir
    with compressed(tarpath, tarmode) as tar:
  File "/usr/lib/python3.5/tarfile.py", line 1577, in open
    return func(name, filemode, fileobj, **kwargs)
  File "/usr/lib/python3.5/tarfile.py", line 1635, in gzopen
    raise ReadError("not a gzip file")
tarfile.ReadError: not a gzip file

[INFO] (qctoolkit) This package is up to date.
[INFO] (qcustomplot) This package is up to date.
[INFO] (qd) This package is up to date.
[INFO] (qdarkgraystyle) This package is up to date.
[INFO] (qdarkstyle) This package is up to date.
[INFO] (qdatastream) This package is up to date.
[INFO] (qdatum) This package is up to date.
[INFO] (qdb) This package is up to date.
[INFO] (qdds) This package is up to date.
[ERROR] (qdf) This package does not have downloadable releases.
[INFO] (qdj) This package is up to date.
[INFO] (qdns) This package is up to date.
[INFO] (qdo) This package is up to date.
[INFO] (qds-app) This package is up to date.
[INFO] (qds-sdk) This package is up to date.
[INFO] (qdudomportal) This package is up to date.
[INFO] (qdune) This package is up to date.
[INFO] (qdupe) This package is up to date.
[INFO] (qdutaportal) This package is up to date.
[INFO] (qdyn) This package is up to date.
[ERROR] (qecalc) Could not extract data from this package. See below for details.
"" extension not supported.
[ERROR] (qed) This package does not have downloadable releases.
[ERROR] (qemud) This package does not have downloadable releases.
[INFO] (qet-tb-generator) This package is up to date.
[INFO] (qeutil) This package is up to date.
[INFO] (qeventlog) This package is up to date.
[INFO] (qexpy) This package is up to date.
[INFO] (qface) This package is up to date.
[INFO] (qfathom) This package is up to date.
[INFO] (qfilters) This package is up to date.
[INFO] (qfreq) This package is up to date.
[INFO] (qfrm) This package is up to date.
[INFO] (qg.core) This package is up to date.
[INFO] (qg.db) This package is up to date.
[INFO] (qg.test) This package is up to date.
[INFO] (qg.web) This package is up to date.
[INFO] (qgen) This package is up to date.
[INFO] (qgis-plugins) This package is up to date.
[INFO] (qgispluginreleaser) This package is up to date.
[INFO] (qgl) This package is up to date.
[INFO] (qgmap) This package is up to date.
[INFO] (qgprofiler) This package is up to date.
[INFO] (qgrid) This package is up to date.
[INFO] (qgsctx) This package is up to date.
[INFO] (qhangups) This package is up to date.
[INFO] (qhonuskan-votes) This package is up to date.
[INFO] (qhue) This package is up to date.
[INFO] (qi) This package is up to date.
[INFO] (qi.goban) This package is up to date.
[INFO] (qi.grsplitter) This package is up to date.
[INFO] (qi.jabberhelpdesk) This package is up to date.
[INFO] (qi.jwmedia) This package is up to date.
[INFO] (qi.livechat) This package is up to date.
[INFO] (qi.portlet.tagclouds) This package is up to date.
[INFO] (qi.xmpp.admin) This package is up to date.
[INFO] (qi.xmpp.botfarm) This package is up to date.
[INFO] (qi.xmpp.client) This package is up to date.
[INFO] (qibuild) This package is up to date.
[INFO] (qidicom) This package is up to date.
[INFO] (qifparse) This package is up to date.
[INFO] (qifparser) This package is up to date.
[INFO] (qifqif) This package is up to date.
[INFO] (qiidly) This package is up to date.
[INFO] (qiime) This package is up to date.
[INFO] (qiime-default-reference) This package is up to date.
[INFO] (qiime-tools) This package is up to date.
[INFO] (qiita) This package is up to date.
[INFO] (qiita-api-wrapper) This package is up to date.
[INFO] (qiita-spots) This package is up to date.
[INFO] (qiita-v2) This package is up to date.
[INFO] (qiitap) This package is up to date.
[INFO] (qimage2ndarray) This package is up to date.
[INFO] (qimport) This package is up to date.
[INFO] (qinfer) This package is up to date.
[INFO] (qing) This package is up to date.
[INFO] (qingchat) This package is up to date.
[ERROR] (qingchat-server) This package does not have downloadable releases.
[INFO] (qingcloud-cli) This package is up to date.
[INFO] (qingcloud-init) This package is up to date.
[INFO] (qingcloud-sdk) This package is up to date.
[INFO] (qinghama) This package is up to date.
[INFO] (qingstor) This package is up to date.
[INFO] (qingstor-sdk) This package is up to date.
[INFO] (qiniu) This package is up to date.
[INFO] (qiniu-cli) This package is up to date.
[INFO] (qiniu-lite) This package is up to date.
[INFO] (qiniu-storage) This package is up to date.
[INFO] (qiniu-upload) This package is up to date.
[INFO] (qiniu4blog) This package is up to date.
[INFO] (qiniu4blog-mk) This package is up to date.
[INFO] (qiniufops) This package is up to date.
[INFO] (qiniufs) This package is up to date.
[INFO] (qiniumanager) This package is up to date.
[INFO] (qipipe) This package is up to date.
[INFO] (qiprofile-rest) This package is up to date.
[INFO] (qiprofile-rest-client) This package is up to date.
[INFO] (qiqi20160209) This package is up to date.
[INFO] (qirest) This package is up to date.
[INFO] (qirest-client) This package is up to date.
[INFO] (qit) This package is up to date.
[ERROR] (qitensor) This package does not have downloadable releases.
[INFO] (qiu-nester) This package is up to date.
[INFO] (qiubai) This package is up to date.
[ERROR] (qiushi-mp4-download) This package does not have downloadable releases.
[INFO] (qiutil) This package is up to date.
[ERROR] (qiwan) This package does not have downloadable releases.
[INFO] (qixnat) This package is up to date.
[ERROR] (qiyi-utils) This package does not have downloadable releases.
[INFO] (qjson) This package is up to date.
[ERROR] (qkdb) This package does not have downloadable releases.
[INFO] (qksh) This package is up to date.
[INFO] (ql-demo) This package is up to date.
[ERROR] (ql-pubsub) This package does not have downloadable releases.
[INFO] (qlda) This package is up to date.
[INFO] (qlds-manager) This package is up to date.
[INFO] (qldtariffs) This package is up to date.
[INFO] (qless-py) This package is up to date.
[INFO] (qless-util) This package is up to date.
[INFO] (qlik-script-tools) This package is up to date.
[INFO] (qllauncher) This package is up to date.
[ERROR] (qloggingdialog) This package does not have downloadable releases.
[INFO] (qlogtask) This package is up to date.
[INFO] (qlutils) This package is up to date.
[INFO] (qm) This package is up to date.
[INFO] (qmachine) This package is up to date.
[INFO] (qmarkpg) This package is up to date.
[INFO] (qmath) This package is up to date.
[INFO] (qmenuview) This package is up to date.
[INFO] (qmi) This package is up to date.
[ERROR] (qmmmtools) This package does not have downloadable releases.
[INFO] (qmon) This package is up to date.
[INFO] (qmongohelper) This package is up to date.
[INFO] (qmorph) This package is up to date.
[INFO] (qmpy) This package is up to date.
[INFO] (qms) This package is up to date.
[INFO] (qmworks) This package is up to date.
[INFO] (qmxgraph) This package is up to date.
[INFO] (qnapstats) This package is up to date.
[ERROR] (qnester) This package does not have downloadable releases.
[INFO] (qnet) This package is up to date.
[INFO] (qnpct) This package is up to date.
[INFO] (qnupload) This package is up to date.
[ERROR] (qombinatorics) This package does not have downloadable releases.
[INFO] (qonda) This package is up to date.
[INFO] (qonos) This package is up to date.
[INFO] (qooxdoocherrypyjsonrpc) This package is up to date.
[INFO] (qopen) This package is up to date.
[INFO] (qopenvpn) This package is up to date.
[INFO] (qordoba) This package is up to date.
[ERROR] (qp) This package does not have downloadable releases.
[INFO] (qpack) This package is up to date.
[INFO] (qpage) This package is up to date.
[INFO] (qpic) This package is up to date.
[INFO] (qpid-python) This package is up to date.
[INFO] (qpid-qmf) This package is up to date.
[INFO] (qpid-tools) This package is up to date.
[INFO] (qpipe) This package is up to date.
[INFO] (qpm) This package is up to date.
[INFO] (qprocessing) This package is up to date.
[INFO] (qprompt) This package is up to date.
[ERROR] (qps) Could not extract data from this package. See below for details.
".tar.gz?download" extension not supported.
[INFO] (qpth) This package is up to date.
[ERROR] (qpy) This package does not have downloadable releases.
[ERROR] (qpyprofiler) Could not extract data from this package. See below for details.
"http://www.digitalfox.org/projets/download/qPyProfiler.tar.gz" file couldnt be downloaded. See below for details.
Traceback (most recent call last):
  File "/usr/lib/python3.5/urllib/request.py", line 1254, in do_open
    h.request(req.get_method(), req.selector, req.data, headers)
  File "/usr/lib/python3.5/http/client.py", line 1107, in request
    self._send_request(method, url, body, headers)
  File "/usr/lib/python3.5/http/client.py", line 1152, in _send_request
    self.endheaders(body)
  File "/usr/lib/python3.5/http/client.py", line 1103, in endheaders
    self._send_output(message_body)
  File "/usr/lib/python3.5/http/client.py", line 934, in _send_output
    self.send(msg)
  File "/usr/lib/python3.5/http/client.py", line 877, in send
    self.connect()
  File "/usr/lib/python3.5/http/client.py", line 849, in connect
    (self.host,self.port), self.timeout, self.source_address)
  File "/usr/lib/python3.5/socket.py", line 712, in create_connection
    raise err
  File "/usr/lib/python3.5/socket.py", line 703, in create_connection
    sock.connect(sa)
ConnectionRefusedError: [Errno 111] Connection refused

During handling of the above exception, another exception occurred:

Traceback (most recent call last):
  File "/usr/local/lib/python3.5/dist-packages/pypicontents/api/pypi.py", line 106, in download_tar
    f.write(urlopen(url=urlesc(pkgurl), timeout=10).read())
  File "/usr/lib/python3.5/urllib/request.py", line 163, in urlopen
    return opener.open(url, data, timeout)
  File "/usr/lib/python3.5/urllib/request.py", line 466, in open
    response = self._open(req, data)
  File "/usr/lib/python3.5/urllib/request.py", line 484, in _open
    '_open', req)
  File "/usr/lib/python3.5/urllib/request.py", line 444, in _call_chain
    result = func(*args)
  File "/usr/lib/python3.5/urllib/request.py", line 1282, in http_open
    return self.do_open(http.client.HTTPConnection, req)
  File "/usr/lib/python3.5/urllib/request.py", line 1256, in do_open
    raise URLError(err)
urllib.error.URLError: <urlopen error [Errno 111] Connection refused>

[INFO] (qpython) This package is up to date.
[INFO] (qpyutils) This package is up to date.
[INFO] (qq) This package is up to date.
[INFO] (qqbot) This package is up to date.
[INFO] (qqhistorycut) This package is up to date.
[INFO] (qqlib) This package is up to date.
[INFO] (qqpat) This package is up to date.
[INFO] (qqqfome) This package is up to date.
[INFO] (qqqq) This package is up to date.
[ERROR] (qqqstest) This package does not have downloadable releases.
[INFO] (qqsuperman) This package is up to date.
[INFO] (qqweibo) This package is up to date.
[INFO] (qqwry) This package is up to date.
[INFO] (qqwry-py3) This package is up to date.
[INFO] (qr) This package is up to date.
[ERROR] (qr-code) This package does not have downloadable releases.
[INFO] (qr-codec) This package is up to date.
[INFO] (qr-io) This package is up to date.
[INFO] (qr2scad) This package is up to date.
[ERROR] (qr3d) Could not extract data from this package. See below for details.
"https://codeload.github.com/XayOn/Qr3D/legacy.tar.gz/qr3d-1.0.1.tar.gz" file couldnt be downloaded. See below for details.
Traceback (most recent call last):
  File "/usr/local/lib/python3.5/dist-packages/pypicontents/api/pypi.py", line 106, in download_tar
    f.write(urlopen(url=urlesc(pkgurl), timeout=10).read())
  File "/usr/lib/python3.5/urllib/request.py", line 163, in urlopen
    return opener.open(url, data, timeout)
  File "/usr/lib/python3.5/urllib/request.py", line 472, in open
    response = meth(req, response)
  File "/usr/lib/python3.5/urllib/request.py", line 582, in http_response
    'http', request, response, code, msg, hdrs)
  File "/usr/lib/python3.5/urllib/request.py", line 510, in error
    return self._call_chain(*args)
  File "/usr/lib/python3.5/urllib/request.py", line 444, in _call_chain
    result = func(*args)
  File "/usr/lib/python3.5/urllib/request.py", line 590, in http_error_default
    raise HTTPError(req.full_url, code, msg, hdrs, fp)
urllib.error.HTTPError: HTTP Error 404: Not Found

[INFO] (qrangeslider) This package is up to date.
[INFO] (qraphql-py) This package is up to date.
[INFO] (qrc) This package is up to date.
[INFO] (qrc-pathlib) This package is up to date.
[INFO] (qrcgen) This package is up to date.
[INFO] (qrcode) This package is up to date.
[INFO] (qrcode-converter) This package is up to date.
[INFO] (qrcode-terminal) This package is up to date.
[INFO] (qrcodegen) This package is up to date.
[INFO] (qredis) This package is up to date.
[INFO] (qreg) This package is up to date.
[INFO] (qregexeditor) This package is up to date.
[INFO] (qrencode) This package is up to date.
[INFO] (qrep) This package is up to date.
[INFO] (qrequest) This package is up to date.
[INFO] (qreu) This package is up to date.
[INFO] (qri-py) This package is up to date.
[INFO] (qrisk) This package is up to date.
[INFO] (qrkit) This package is up to date.
[INFO] (qroundprogressbar) This package is up to date.
[INFO] (qrplatba) This package is up to date.
[INFO] (qrplatba-fpdf) This package is up to date.
[INFO] (qrtools) This package is up to date.
[INFO] (qrtray) This package is up to date.
[INFO] (qrypto) This package is up to date.
[INFO] (qs) This package is up to date.
[ERROR] (qs-nester) This package does not have downloadable releases.
[ERROR] (qs-vod-metadata) Could not extract data from this package. See below for details.
"" extension not supported.
[INFO] (qscan) This package is up to date.
[INFO] (qscintilla) This package is up to date.
[INFO] (qscollect) This package is up to date.
[INFO] (qscollect-withings) This package is up to date.
[INFO] (qsctl) This package is up to date.
[INFO] (qserve) This package is up to date.
[INFO] (qsgen) This package is up to date.
[INFO] (qslaunch) This package is up to date.
[INFO] (qson) This package is up to date.
[INFO] (qspectrumanalyzer) This package is up to date.
[INFO] (qspin) This package is up to date.
[INFO] (qsqla) This package is up to date.
[INFO] (qstem-ase) This package is up to date.
[INFO] (qstk) This package is up to date.
[INFO] (qstring) This package is up to date.
[INFO] (qsupervisorcontrol) This package is up to date.
[ERROR] (qt) Could not get a response from API for this package. See below for details.
Traceback (most recent call last):
  File "/usr/local/lib/python3.5/dist-packages/pypicontents/api/pypi.py", line 261, in get_pkgdata
    timeout=10).read()
  File "/usr/lib/python3.5/urllib/request.py", line 163, in urlopen
    return opener.open(url, data, timeout)
  File "/usr/lib/python3.5/urllib/request.py", line 472, in open
    response = meth(req, response)
  File "/usr/lib/python3.5/urllib/request.py", line 582, in http_response
    'http', request, response, code, msg, hdrs)
  File "/usr/lib/python3.5/urllib/request.py", line 504, in error
    result = self._call_chain(*args)
  File "/usr/lib/python3.5/urllib/request.py", line 444, in _call_chain
    result = func(*args)
  File "/usr/lib/python3.5/urllib/request.py", line 696, in http_error_302
    return self.parent.open(new, timeout=req.timeout)
  File "/usr/lib/python3.5/urllib/request.py", line 472, in open
    response = meth(req, response)
  File "/usr/lib/python3.5/urllib/request.py", line 582, in http_response
    'http', request, response, code, msg, hdrs)
  File "/usr/lib/python3.5/urllib/request.py", line 510, in error
    return self._call_chain(*args)
  File "/usr/lib/python3.5/urllib/request.py", line 444, in _call_chain
    result = func(*args)
  File "/usr/lib/python3.5/urllib/request.py", line 590, in http_error_default
    raise HTTPError(req.full_url, code, msg, hdrs, fp)
urllib.error.HTTPError: HTTP Error 404: Not Found

[INFO] (qt-backport) This package is up to date.
[INFO] (qt-binder) This package is up to date.
[ERROR] (qt-dataflow) This package does not have downloadable releases.
[INFO] (qt-graph-helpers) This package is up to date.
[INFO] (qt-nester) This package is up to date.
[INFO] (qt-object-viewer) This package is up to date.
[INFO] (qt-widgetstyler) This package is up to date.
[INFO] (qt.py) This package is up to date.
[INFO] (qt4-gengui) This package is up to date.
[INFO] (qt4imagelabel) This package is up to date.
[INFO] (qt4reactor) This package is up to date.
[INFO] (qt5reactor) This package is up to date.
[INFO] (qt5reactor-fork) This package is up to date.
[INFO] (qtalchemy) This package is up to date.
[INFO] (qtargselector) This package is up to date.
[INFO] (qtarmsim) This package is up to date.
[INFO] (qtask) This package is up to date.
[INFO] (qtaui) This package is up to date.
[INFO] (qtawesome) This package is up to date.
[INFO] (qtbe) This package is up to date.
[INFO] (qtbot) This package is up to date.
[INFO] (qtconsole) This package is up to date.
[INFO] (qtdjango) This package is up to date.
[ERROR] (qte) Could not extract data from this package. See below for details.
"" extension not supported.
[ERROR] (qtest) This package does not have downloadable releases.
[INFO] (qtfaststart) This package is up to date.
[INFO] (qtgui) This package is up to date.
[INFO] (qthread) This package is up to date.
[INFO] (qtile) This package is up to date.
[INFO] (qtim-tools) This package is up to date.
[INFO] (qtimer) This package is up to date.
[INFO] (qtip) This package is up to date.
[ERROR] (qtip-api) Could not get a response from API for this package. See below for details.
Traceback (most recent call last):
  File "/usr/local/lib/python3.5/dist-packages/pypicontents/api/pypi.py", line 261, in get_pkgdata
    timeout=10).read()
  File "/usr/lib/python3.5/urllib/request.py", line 163, in urlopen
    return opener.open(url, data, timeout)
  File "/usr/lib/python3.5/urllib/request.py", line 472, in open
    response = meth(req, response)
  File "/usr/lib/python3.5/urllib/request.py", line 582, in http_response
    'http', request, response, code, msg, hdrs)
  File "/usr/lib/python3.5/urllib/request.py", line 510, in error
    return self._call_chain(*args)
  File "/usr/lib/python3.5/urllib/request.py", line 444, in _call_chain
    result = func(*args)
  File "/usr/lib/python3.5/urllib/request.py", line 590, in http_error_default
    raise HTTPError(req.full_url, code, msg, hdrs, fp)
urllib.error.HTTPError: HTTP Error 404: Not Found

[ERROR] (qtip-cli) Could not get a response from API for this package. See below for details.
Traceback (most recent call last):
  File "/usr/local/lib/python3.5/dist-packages/pypicontents/api/pypi.py", line 261, in get_pkgdata
    timeout=10).read()
  File "/usr/lib/python3.5/urllib/request.py", line 163, in urlopen
    return opener.open(url, data, timeout)
  File "/usr/lib/python3.5/urllib/request.py", line 472, in open
    response = meth(req, response)
  File "/usr/lib/python3.5/urllib/request.py", line 582, in http_response
    'http', request, response, code, msg, hdrs)
  File "/usr/lib/python3.5/urllib/request.py", line 510, in error
    return self._call_chain(*args)
  File "/usr/lib/python3.5/urllib/request.py", line 444, in _call_chain
    result = func(*args)
  File "/usr/lib/python3.5/urllib/request.py", line 590, in http_error_default
    raise HTTPError(req.full_url, code, msg, hdrs, fp)
urllib.error.HTTPError: HTTP Error 404: Not Found

[INFO] (qtipy) This package is up to date.
[INFO] (qtk) This package is up to date.
[INFO] (qtm) This package is up to date.
[INFO] (qtmacs) This package is up to date.
[INFO] (qtmud) This package is up to date.
[INFO] (qtodotxt) This package is up to date.
[INFO] (qtools) This package is up to date.
[INFO] (qtop) This package is up to date.
[INFO] (qtopic) This package is up to date.
[INFO] (qtornado) This package is up to date.
[INFO] (qtpandas) This package is up to date.
[INFO] (qtpdfprinter) This package is up to date.
[INFO] (qtplot) This package is up to date.
[INFO] (qtpy) This package is up to date.
[INFO] (qtpylib) This package is up to date.
[ERROR] (qtreactor) This package does not have downloadable releases.
[INFO] (qtrequests) This package is up to date.
[INFO] (qtrotate) This package is up to date.
[INFO] (qtsix) This package is up to date.
[INFO] (qtstuff) This package is up to date.
[INFO] (qttest) This package is up to date.
[INFO] (qtumblr) This package is up to date.
[INFO] (qturtle) This package is up to date.
[INFO] (qtutils) This package is up to date.
[INFO] (qtviews) This package is up to date.
[INFO] (qtxmldom) This package is up to date.
[INFO] (quack) This package is up to date.
[INFO] (quadkey) This package is up to date.
[INFO] (quadprog) This package is up to date.
[INFO] (quadpy) This package is up to date.
[INFO] (quadrant) This package is up to date.
[INFO] (quadratic) This package is up to date.
[INFO] (quadriga) This package is up to date.
[INFO] (quadriga-bot) This package is up to date.
[INFO] (quadrigacx) This package is up to date.
[INFO] (quadtree) This package is up to date.
[INFO] (quadwi) This package is up to date.
[INFO] (quaec) This package is up to date.
[INFO] (quaidan) This package is up to date.
[INFO] (quakefeeds) This package is up to date.
[INFO] (qualdocs) This package is up to date.
[INFO] (quali-testing-helpers) This package is up to date.
[INFO] (qualicscli) This package is up to date.
[INFO] (qualification) This package is up to date.
[ERROR] (qualilab-cli) Could not extract data from this package. See below for details.
"https://codeload.github.com/QualiSystemsLab/QualiLab-CLI/legacy.tar.gz/qualilab-cli-1.0.5.tar.gz" file couldnt be downloaded. See below for details.
Traceback (most recent call last):
  File "/usr/local/lib/python3.5/dist-packages/pypicontents/api/pypi.py", line 106, in download_tar
    f.write(urlopen(url=urlesc(pkgurl), timeout=10).read())
  File "/usr/lib/python3.5/urllib/request.py", line 163, in urlopen
    return opener.open(url, data, timeout)
  File "/usr/lib/python3.5/urllib/request.py", line 472, in open
    response = meth(req, response)
  File "/usr/lib/python3.5/urllib/request.py", line 582, in http_response
    'http', request, response, code, msg, hdrs)
  File "/usr/lib/python3.5/urllib/request.py", line 510, in error
    return self._call_chain(*args)
  File "/usr/lib/python3.5/urllib/request.py", line 444, in _call_chain
    result = func(*args)
  File "/usr/lib/python3.5/urllib/request.py", line 590, in http_error_default
    raise HTTPError(req.full_url, code, msg, hdrs, fp)
urllib.error.HTTPError: HTTP Error 404: Not Found

[INFO] (qualipy) This package is up to date.
[INFO] (qualisys) This package is up to date.
[ERROR] (quality) This package does not have downloadable releases.
[INFO] (quality-report) This package is up to date.
[INFO] (qualname) This package is up to date.
[INFO] (qualpay) This package is up to date.
[INFO] (qualpy) This package is up to date.
[INFO] (qualysapi) This package is up to date.
[INFO] (qualysconnect) This package is up to date.
[INFO] (qualysutils) This package is up to date.
[INFO] (quamash) This package is up to date.
[INFO] (quamotion) This package is up to date.
[INFO] (quandl) This package is up to date.
[INFO] (quandlpy) This package is up to date.
[INFO] (quant) This package is up to date.
[ERROR] (quanta) This package does not have downloadable releases.
[INFO] (quantan) This package is up to date.
[INFO] (quantarhei) This package is up to date.
[INFO] (quantaxis) This package is up to date.
[INFO] (quantclient) This package is up to date.
[ERROR] (quantcloud) This package does not have downloadable releases.
[INFO] (quantcluster) This package is up to date.
[INFO] (quantdigger) This package is up to date.
[INFO] (quantdsl) This package is up to date.
[INFO] (quantecon) This package is up to date.
[INFO] (quantfns) This package is up to date.
[INFO] (quantgen) This package is up to date.
[INFO] (quantgo-cli) This package is up to date.
[INFO] (quantgo-service-cli) This package is up to date.
[INFO] (quantgov) This package is up to date.
[INFO] (quanthub) This package is up to date.
[INFO] (quantiacstoolbox) This package is up to date.
[ERROR] (quantifiedcode) This package does not have downloadable releases.
[INFO] (quantile) This package is up to date.
[INFO] (quantile-python) This package is up to date.
[ERROR] (quantile-regression-demo) Could not extract data from this package. See below for details.
".html" extension not supported.
[INFO] (quantiphy) This package is up to date.
[INFO] (quantiprot) This package is up to date.
[INFO] (quantitative) This package is up to date.
[INFO] (quantities) This package is up to date.
[INFO] (quantity) This package is up to date.
[INFO] (quantize) This package is up to date.
[INFO] (quantized-mesh-tile) This package is up to date.
[INFO] (quantlib-python) This package is up to date.
[INFO] (quantnode) This package is up to date.
[INFO] (quantopian-tools) This package is up to date.
[INFO] (quantquesttoolbox) This package is up to date.
[INFO] (quantrocket-client) This package is up to date.
[ERROR] (quantstack) This package does not have downloadable releases.
[INFO] (quanttus-api) This package is up to date.
[INFO] (quantulum) This package is up to date.
[ERROR] (quantum) This package does not have downloadable releases.
[INFO] (quantum-grove) This package is up to date.
[INFO] (quantumcore.contenttypes) This package is up to date.
[INFO] (quantumcore.exceptions) This package is up to date.
[INFO] (quantumcore.resources) This package is up to date.
[INFO] (quantumcore.storages) This package is up to date.
[INFO] (quantumpy) This package is up to date.
[INFO] (quantumrandom) This package is up to date.
[INFO] (quantumworld) This package is up to date.
[INFO] (quantumworldx) This package is up to date.
[INFO] (quantx) This package is up to date.
[INFO] (quarantine) This package is up to date.
[INFO] (quark) This package is up to date.
[INFO] (quark-hash) This package is up to date.
[INFO] (quark-sphinx-theme) This package is up to date.
[INFO] (quarkutilities) Data has been updated for this package.
[INFO] (quarry) This package is up to date.
[ERROR] (quarry-io) This package does not have downloadable releases.
[ERROR] (quart) This package does not have downloadable releases.
[INFO] (quartz) This package is up to date.
[INFO] (quartz-browser) This package is up to date.
[INFO] (quasar) This package is up to date.
[INFO] (quasiquotes) This package is up to date.
[INFO] (quasselconf) This package is up to date.
[INFO] (quast) This package is up to date.
[INFO] (quaternion) This package is up to date.
[INFO] (quaternion-algebra) This package is up to date.
[INFO] (quaternionarray) This package is up to date.
[INFO] (quaternionmath) This package is up to date.
[INFO] (quaternions) This package is up to date.
[INFO] (quatorzeheures) This package is up to date.
[INFO] (quay-client) This package is up to date.
[INFO] (quaycon) This package is up to date.
[INFO] (qub-sherlock) This package is up to date.
[INFO] (qubell-api-python-client) This package is up to date.
[INFO] (qubic) This package is up to date.
[INFO] (qubic.sphinx.graphvizinclude) This package is up to date.
[INFO] (qubit) This package is up to date.
[INFO] (qubit-hash) This package is up to date.
[ERROR] (qubit-hashs) Could not get a response from API for this package. See below for details.
Traceback (most recent call last):
  File "/usr/local/lib/python3.5/dist-packages/pypicontents/api/pypi.py", line 261, in get_pkgdata
    timeout=10).read()
  File "/usr/lib/python3.5/urllib/request.py", line 163, in urlopen
    return opener.open(url, data, timeout)
  File "/usr/lib/python3.5/urllib/request.py", line 472, in open
    response = meth(req, response)
  File "/usr/lib/python3.5/urllib/request.py", line 582, in http_response
    'http', request, response, code, msg, hdrs)
  File "/usr/lib/python3.5/urllib/request.py", line 510, in error
    return self._call_chain(*args)
  File "/usr/lib/python3.5/urllib/request.py", line 444, in _call_chain
    result = func(*args)
  File "/usr/lib/python3.5/urllib/request.py", line 590, in http_error_default
    raise HTTPError(req.full_url, code, msg, hdrs, fp)
urllib.error.HTTPError: HTTP Error 404: Not Found

[INFO] (qubits) This package is up to date.
[INFO] (qubricks) This package is up to date.
[INFO] (qudb) This package is up to date.
[INFO] (qudth) This package is up to date.
[INFO] (que) This package is up to date.
[INFO] (que-es) This package is up to date.
[INFO] (quebert) This package is up to date.
[INFO] (quecksilber) This package is up to date.
[ERROR] (queen) This package does not have downloadable releases.
[INFO] (queen8) This package is up to date.
[ERROR] (queenin) This package does not have downloadable releases.
[INFO] (quepy) This package is up to date.
[INFO] (queries) This package is up to date.
[INFO] (querify) This package is up to date.
[INFO] (query) This package is up to date.
[INFO] (query-collections) This package is up to date.
[INFO] (query-exporter) This package is up to date.
[INFO] (query-phenomizer) This package is up to date.
[INFO] (query-reports) This package is up to date.
[INFO] (query-selector) This package is up to date.
[INFO] (query-string) This package is up to date.
[INFO] (queryablelist) This package is up to date.
[INFO] (querybuilder) This package is up to date.
[INFO] (querycontacts) This package is up to date.
[INFO] (querycsv) This package is up to date.
[INFO] (querycsv-redux) This package is up to date.
[INFO] (querylist) This package is up to date.
[INFO] (queryparser) This package is up to date.
[INFO] (querysetlimitor) This package is up to date.
[INFO] (querystream) This package is up to date.
[INFO] (querystring) This package is up to date.
[INFO] (querystring-parser) This package is up to date.
[INFO] (querystringsafe-base64) This package is up to date.
[INFO] (quest) This package is up to date.
[INFO] (question) This package is up to date.
[INFO] (question-stack) This package is up to date.
[INFO] (questionnaire) This package is up to date.
[INFO] (quetzalcoatl) This package is up to date.
[ERROR] (queue) Could not get a response from API for this package. See below for details.
Traceback (most recent call last):
  File "/usr/local/lib/python3.5/dist-packages/pypicontents/api/pypi.py", line 261, in get_pkgdata
    timeout=10).read()
  File "/usr/lib/python3.5/urllib/request.py", line 163, in urlopen
    return opener.open(url, data, timeout)
  File "/usr/lib/python3.5/urllib/request.py", line 472, in open
    response = meth(req, response)
  File "/usr/lib/python3.5/urllib/request.py", line 582, in http_response
    'http', request, response, code, msg, hdrs)
  File "/usr/lib/python3.5/urllib/request.py", line 510, in error
    return self._call_chain(*args)
  File "/usr/lib/python3.5/urllib/request.py", line 444, in _call_chain
    result = func(*args)
  File "/usr/lib/python3.5/urllib/request.py", line 590, in http_error_default
    raise HTTPError(req.full_url, code, msg, hdrs, fp)
urllib.error.HTTPError: HTTP Error 404: Not Found

[INFO] (queue-bqsr-status) This package is up to date.
[INFO] (queue-coclean-status) This package is up to date.
[ERROR] (queue-engine) This package does not have downloadable releases.
[INFO] (queue-fetcher) This package is up to date.
[INFO] (queue-front) This package is up to date.
[INFO] (queue-hlatype-status) This package is up to date.
[INFO] (queue-messaging) This package is up to date.
[ERROR] (queue-skardash) This package does not have downloadable releases.
[INFO] (queue-status) This package is up to date.
[INFO] (queue-utils) This package is up to date.
[ERROR] (queuechain) This package does not have downloadable releases.
[INFO] (queued-search) This package is up to date.
[INFO] (queueing-network-system-simpy) This package is up to date.
[INFO] (queueing-tool) This package is up to date.
[INFO] (queueio) This package is up to date.
[INFO] (queuelib) This package is up to date.
[INFO] (queues) This package is up to date.
[INFO] (queuetools) This package is up to date.
[INFO] (queuey) This package is up to date.
[INFO] (queuey-py) This package is up to date.
[INFO] (qui-for-mplayer) This package is up to date.
[INFO] (quic-version-detector) This package is up to date.
[INFO] (quick) This package is up to date.
[ERROR] (quick-.torrent-downloader) This package does not have downloadable releases.
[INFO] (quick-cache) This package is up to date.
[INFO] (quick-clojure) This package is up to date.
[INFO] (quick-debug) This package is up to date.
[INFO] (quick-framework) This package is up to date.
[INFO] (quick-orm) This package is up to date.
[INFO] (quick-server) This package is up to date.
[INFO] (quick.py) This package is up to date.
[INFO] (quick2wire-api) This package is up to date.
[INFO] (quick2wire-peque) This package is up to date.
[INFO] (quickapi) This package is up to date.
[INFO] (quickapp) This package is up to date.
[INFO] (quickargs) This package is up to date.
[INFO] (quickavro) This package is up to date.
[INFO] (quickbase2) This package is up to date.
[INFO] (quickbean) This package is up to date.
[ERROR] (quickbooks) This package does not have downloadable releases.
[INFO] (quickbooks-py) This package is up to date.
[INFO] (quickbooks-python) This package is up to date.
[ERROR] (quickbookstech) This package does not have downloadable releases.
[ERROR] (quickbookstechnical) This package does not have downloadable releases.
[ERROR] (quickbookstechsupport) This package does not have downloadable releases.
[INFO] (quickcache) This package is up to date.
[ERROR] (quickchart) This package does not have downloadable releases.
[INFO] (quickcommand) This package is up to date.
[INFO] (quickconfig) This package is up to date.
[INFO] (quickcut) This package is up to date.
[INFO] (quickd3map) This package is up to date.
[INFO] (quickdiagrams) This package is up to date.
[INFO] (quickdictionary) This package is up to date.
[INFO] (quickdoc) This package is up to date.
[INFO] (quickfiles) This package is up to date.
[INFO] (quickfind) This package is up to date.
[INFO] (quickfix) This package is up to date.
[ERROR] (quickflow) This package does not have downloadable releases.
[INFO] (quickgist) This package is up to date.
[INFO] (quickgui) This package is up to date.
[INFO] (quickimport) This package is up to date.
[INFO] (quicklime) This package is up to date.
[INFO] (quicklock) This package is up to date.
[INFO] (quicklog) This package is up to date.
[INFO] (quicklogging) This package is up to date.
[INFO] (quicknet) This package is up to date.
[INFO] (quickpackage) This package is up to date.
[INFO] (quickpay-api-client) This package is up to date.
[INFO] (quickpiggy) This package is up to date.
[INFO] (quickpip) This package is up to date.
[INFO] (quickplot) This package is up to date.
[INFO] (quickplots) This package is up to date.
[INFO] (quickproxy) This package is up to date.
[INFO] (quickpy) This package is up to date.
[ERROR] (quickreduce) This package does not have downloadable releases.
[INFO] (quickrest) This package is up to date.
[INFO] (quickrspecpuppet) This package is up to date.
[INFO] (quicksave) This package is up to date.
[INFO] (quicksearch) This package is up to date.
[INFO] (quicksect) This package is up to date.
[INFO] (quickshear) This package is up to date.
[INFO] (quicksite) This package is up to date.
[INFO] (quicksms) This package is up to date.
[INFO] (quickspikes) This package is up to date.
[INFO] (quickspin) This package is up to date.
[INFO] (quickstartlog) This package is up to date.
[INFO] (quickstartup) This package is up to date.
[INFO] (quickstartutil) This package is up to date.
[INFO] (quickstructures) This package is up to date.
[INFO] (quickswitch-i3) This package is up to date.
[INFO] (quicktable) This package is up to date.
[INFO] (quicktester) This package is up to date.
[ERROR] (quicktikz) This package does not have downloadable releases.
[INFO] (quicktions) This package is up to date.
[ERROR] (quicktrack) This package does not have downloadable releases.
[INFO] (quickunit) This package is up to date.
[ERROR] (quickvars) This package does not have downloadable releases.
[INFO] (quickview) This package is up to date.
[INFO] (quickweb) This package is up to date.
[INFO] (quickwiki) This package is up to date.
[ERROR] (quickwikievoque) Could not extract data from this package. See below for details.
"http://gizmojo.org/dist/QuickWikiEvoque-0.1.1.tar.gz" file couldnt be downloaded. See below for details.
Traceback (most recent call last):
  File "/usr/lib/python3.5/urllib/request.py", line 1254, in do_open
    h.request(req.get_method(), req.selector, req.data, headers)
  File "/usr/lib/python3.5/http/client.py", line 1107, in request
    self._send_request(method, url, body, headers)
  File "/usr/lib/python3.5/http/client.py", line 1152, in _send_request
    self.endheaders(body)
  File "/usr/lib/python3.5/http/client.py", line 1103, in endheaders
    self._send_output(message_body)
  File "/usr/lib/python3.5/http/client.py", line 934, in _send_output
    self.send(msg)
  File "/usr/lib/python3.5/http/client.py", line 877, in send
    self.connect()
  File "/usr/lib/python3.5/http/client.py", line 849, in connect
    (self.host,self.port), self.timeout, self.source_address)
  File "/usr/lib/python3.5/socket.py", line 712, in create_connection
    raise err
  File "/usr/lib/python3.5/socket.py", line 703, in create_connection
    sock.connect(sa)
socket.timeout: timed out

During handling of the above exception, another exception occurred:

Traceback (most recent call last):
  File "/usr/local/lib/python3.5/dist-packages/pypicontents/api/pypi.py", line 106, in download_tar
    f.write(urlopen(url=urlesc(pkgurl), timeout=10).read())
  File "/usr/lib/python3.5/urllib/request.py", line 163, in urlopen
    return opener.open(url, data, timeout)
  File "/usr/lib/python3.5/urllib/request.py", line 466, in open
    response = self._open(req, data)
  File "/usr/lib/python3.5/urllib/request.py", line 484, in _open
    '_open', req)
  File "/usr/lib/python3.5/urllib/request.py", line 444, in _call_chain
    result = func(*args)
  File "/usr/lib/python3.5/urllib/request.py", line 1282, in http_open
    return self.do_open(http.client.HTTPConnection, req)
  File "/usr/lib/python3.5/urllib/request.py", line 1256, in do_open
    raise URLError(err)
urllib.error.URLError: <urlopen error timed out>

[INFO] (quicli) This package is up to date.
[INFO] (quidditas) This package is up to date.
[ERROR] (quiet) This package does not have downloadable releases.
[INFO] (quik) This package is up to date.
[INFO] (quill) This package is up to date.
[INFO] (quills.app) This package is up to date.
[INFO] (quills.core) This package is up to date.
[INFO] (quills.remoteblogging) This package is up to date.
[INFO] (quilt) This package is up to date.
[INFO] (quince) This package is up to date.
[INFO] (quincy) This package is up to date.
[INFO] (quine) This package is up to date.
[INFO] (quine-mccluskey) This package is up to date.
[INFO] (quinoa) This package is up to date.
[INFO] (quint) This package is up to date.
[INFO] (quintagroup.analytics) This package is up to date.
[INFO] (quintagroup.canonicalpath) This package is up to date.
[INFO] (quintagroup.captcha.core) This package is up to date.
[INFO] (quintagroup.catalogupdater) This package is up to date.
[INFO] (quintagroup.doublecolumndocument) This package is up to date.
[INFO] (quintagroup.dropdownmenu) This package is up to date.
[INFO] (quintagroup.dummylocking) This package is up to date.
[INFO] (quintagroup.formlib.captcha) This package is up to date.
[INFO] (quintagroup.megamenu) This package is up to date.
[INFO] (quintagroup.pfg.captcha) This package is up to date.
[INFO] (quintagroup.pingtool) This package is up to date.
[INFO] (quintagroup.plonecaptchas) This package is up to date.
[INFO] (quintagroup.plonecomments) This package is up to date.
[INFO] (quintagroup.ploneformgen.readonlystringfield) This package is up to date.
[INFO] (quintagroup.plonegooglesitemaps) This package is up to date.
[INFO] (quintagroup.plonetabs) This package is up to date.
[INFO] (quintagroup.portlet.cumulus) This package is up to date.
[INFO] (quintagroup.portlet.generichtml) This package is up to date.
[INFO] (quintagroup.portlet.pfg) This package is up to date.
[INFO] (quintagroup.portlet.static) This package is up to date.
[INFO] (quintagroup.portletmanager.footer) This package is up to date.
[INFO] (quintagroup.robotframework.utils) This package is up to date.
[INFO] (quintagroup.seoptimizer) This package is up to date.
[INFO] (quintagroup.silogroup) This package is up to date.
[INFO] (quintagroup.slidertemplates) This package is up to date.
[INFO] (quintagroup.substyle) This package is up to date.
[INFO] (quintagroup.sunrain.policy) This package is up to date.
[ERROR] (quintagroup.theme.brio) Could not get a response from API for this package. See below for details.
Traceback (most recent call last):
  File "/usr/local/lib/python3.5/dist-packages/pypicontents/api/pypi.py", line 261, in get_pkgdata
    timeout=10).read()
  File "/usr/lib/python3.5/urllib/request.py", line 163, in urlopen
    return opener.open(url, data, timeout)
  File "/usr/lib/python3.5/urllib/request.py", line 472, in open
    response = meth(req, response)
  File "/usr/lib/python3.5/urllib/request.py", line 582, in http_response
    'http', request, response, code, msg, hdrs)
  File "/usr/lib/python3.5/urllib/request.py", line 510, in error
    return self._call_chain(*args)
  File "/usr/lib/python3.5/urllib/request.py", line 444, in _call_chain
    result = func(*args)
  File "/usr/lib/python3.5/urllib/request.py", line 590, in http_error_default
    raise HTTPError(req.full_url, code, msg, hdrs, fp)
urllib.error.HTTPError: HTTP Error 404: Not Found

[INFO] (quintagroup.theme.estatelite) This package is up to date.
[INFO] (quintagroup.theme.lite) This package is up to date.
[INFO] (quintagroup.theme.pythonreel) This package is up to date.
[INFO] (quintagroup.theme.schools) This package is up to date.
[INFO] (quintagroup.theme.sunrain) This package is up to date.
[INFO] (quintagroup.theme.techlight) This package is up to date.
[INFO] (quintagroup.theme.whiteblack) This package is up to date.
[INFO] (quintagroup.themetemplate) This package is up to date.
[INFO] (quintagroup.transmogrifier) This package is up to date.
[INFO] (quintagroup.z3cform.captcha) This package is up to date.
[INFO] (quintet) This package is up to date.
[INFO] (quintoandar-eb-deployer) This package is up to date.
[INFO] (quip) This package is up to date.
[INFO] (quipu) This package is up to date.
[INFO] (quirc) This package is up to date.
[INFO] (quirk) This package is up to date.
[INFO] (quisk) This package is up to date.
[INFO] (quisk-lppan-k3) This package is up to date.
[INFO] (quitdiff) This package is up to date.
[INFO] (quite) This package is up to date.
[INFO] (quiubas) This package is up to date.
[INFO] (quiver) This package is up to date.
[INFO] (quiver-engine) This package is up to date.
[INFO] (quiver-to-rst) This package is up to date.
[INFO] (quiver-vis) This package is up to date.
[INFO] (quix.django.contact) This package is up to date.
[INFO] (quix.pay) This package is up to date.
[INFO] (quixote) This package is up to date.
[INFO] (quizdrill) This package is up to date.
[INFO] (quizlet-api) This package is up to date.
[INFO] (quizr-utilities) This package is up to date.
[INFO] (quizzer) This package is up to date.
[INFO] (qumulo-api) This package is up to date.
[INFO] (qunitsuite) This package is up to date.
[ERROR] (quodlibet) Could not get a response from API for this package. See below for details.
Traceback (most recent call last):
  File "/usr/local/lib/python3.5/dist-packages/pypicontents/api/pypi.py", line 261, in get_pkgdata
    timeout=10).read()
  File "/usr/lib/python3.5/urllib/request.py", line 163, in urlopen
    return opener.open(url, data, timeout)
  File "/usr/lib/python3.5/urllib/request.py", line 472, in open
    response = meth(req, response)
  File "/usr/lib/python3.5/urllib/request.py", line 582, in http_response
    'http', request, response, code, msg, hdrs)
  File "/usr/lib/python3.5/urllib/request.py", line 510, in error
    return self._call_chain(*args)
  File "/usr/lib/python3.5/urllib/request.py", line 444, in _call_chain
    result = func(*args)
  File "/usr/lib/python3.5/urllib/request.py", line 590, in http_error_default
    raise HTTPError(req.full_url, code, msg, hdrs, fp)
urllib.error.HTTPError: HTTP Error 404: Not Found

[INFO] (quokka) This package is up to date.
[INFO] (quokka-flask-admin) This package is up to date.
[INFO] (quokka-flask-htmlbuilder) This package is up to date.
[INFO] (quokka-flask-login) This package is up to date.
[INFO] (quokka-flask-mongoengine) This package is up to date.
[INFO] (quokka-flask-security) This package is up to date.
[INFO] (quokka-speaklater) This package is up to date.
[INFO] (quokka-themes) This package is up to date.
[INFO] (quokka-twill) This package is up to date.
[INFO] (quora) This package is up to date.
[INFO] (quorabackup) This package is up to date.
[INFO] (quorra) This package is up to date.
[INFO] (quorum) This package is up to date.
[INFO] (quotachecker) This package is up to date.
[INFO] (quotaengine) This package is up to date.
[INFO] (quotation) This package is up to date.
[INFO] (quote) This package is up to date.
[INFO] (quotefix) This package is up to date.
[INFO] (quoteoftheday) This package is up to date.
[INFO] (quotequail) This package is up to date.
[INFO] (quoter) This package is up to date.
[INFO] (quotes) This package is up to date.
[INFO] (quotes-scraper) This package is up to date.
[INFO] (quotesbear) This package is up to date.
[INFO] (quotient) This package is up to date.
[INFO] (ququ) This package is up to date.
[ERROR] (qurancorpus) This package does not have downloadable releases.
[ERROR] (qute) This package does not have downloadable releases.
[INFO] (qutebrowser) This package is up to date.
[INFO] (qutepart) This package is up to date.
[INFO] (qutils) This package is up to date.
[INFO] (qutip) This package is up to date.
[INFO] (quvi) This package is up to date.
[INFO] (qvikconfig) This package is up to date.
[INFO] (qvscripttools) This package is up to date.
[INFO] (qw) This package is up to date.
[INFO] (qwak) This package is up to date.
[INFO] (qwb-nester) This package is up to date.
[ERROR] (qwcore) This package does not have downloadable releases.
[ERROR] (qwdeploy) This package does not have downloadable releases.
[INFO] (qwelog) This package is up to date.
[INFO] (qwer) This package is up to date.
[ERROR] (qwertasyx) This package does not have downloadable releases.
[INFO] (qworker-sample) This package is up to date.
[INFO] (qworkerd) This package is up to date.
[INFO] (qwwyzq) This package is up to date.
[INFO] (qxm-nester) This package is up to date.
[INFO] (qygmy) This package is up to date.
[INFO] (qypi) This package is up to date.
[INFO] (qython) This package is up to date.
[INFO] (qyweixin) This package is up to date.
[INFO] (qzonesecret) This package is up to date.
[INFO] 
[INFO] 
[INFO] Total packages: 727
[INFO]     Packages processed: 727
[INFO]         Packages updated: 1
[INFO]         Packages up-to-date: 652
[INFO]         Packages without response: 7
[INFO]         Packages without urls: 0
[INFO]         Packages without downloads: 55
[INFO]         Packages with data errors: 12
[INFO]     Packages not processed: 0
[INFO] 
[INFO] 
[INFO] Ending execution.
